# JRE version: OpenJDK Runtime Environment (17.0.10) (build 17.0.10+0--11572160)
# Java VM: OpenJDK 64-Bit Server VM (17.0.10+0--11572160, mixed mode, tiered, compressed oops, compressed class ptrs, g1 gc, windows-amd64)
GC Precious Log:
 CPUs: 16 total, 16 available
 Memory: 16078M
 Large Page Support: Disabled
 NUMA Support: Disabled
 Compressed Oops: Enabled (32-bit)
 Heap Region Size: 1M
 Heap Min Capacity: 8M
 Heap Initial Capacity: 252M
 Heap Max Capacity: 2G
 Pre-touch: Disabled
 Parallel Workers: 13
 Concurrent Workers: 3
 Concurrent Refinement Workers: 13
 Periodic GC: Disabled
Heap:
 garbage-first heap   total 306176K, used 187605K [0x0000000080000000, 0x0000000100000000)
  region size 1024K, 10 young (10240K), 10 survivors (10240K)
 Metaspace       used 117719K, committed 118528K, reserved 1179648K
  class space    used 16931K, committed 17344K, reserved 1048576K
GC Heap History (20 events):
Event: 5.025 GC heap after
{Heap after GC invocations=18 (full 0):
 garbage-first heap   total 306176K, used 51807K [0x0000000080000000, 0x0000000100000000)
  region size 1024K, 2 young (2048K), 2 survivors (2048K)
 Metaspace       used 65348K, committed 65856K, reserved 1114112K
  class space    used 8786K, committed 9024K, reserved 1048576K
}
Event: 6.262 GC heap before
{Heap before GC invocations=18 (full 0):
 garbage-first heap   total 306176K, used 240223K [0x0000000080000000, 0x0000000100000000)
  region size 1024K, 179 young (183296K), 2 survivors (2048K)
 Metaspace       used 79837K, committed 80448K, reserved 1179648K
  class space    used 10742K, committed 11008K, reserved 1048576K
}
Event: 6.269 GC heap after
{Heap after GC invocations=19 (full 0):
 garbage-first heap   total 306176K, used 63130K [0x0000000080000000, 0x0000000100000000)
  region size 1024K, 13 young (13312K), 13 survivors (13312K)
 Metaspace       used 79837K, committed 80448K, reserved 1179648K
  class space    used 10742K, committed 11008K, reserved 1048576K
}
Event: 7.527 GC heap before
{Heap before GC invocations=19 (full 0):
 garbage-first heap   total 306176K, used 232090K [0x0000000080000000, 0x0000000100000000)
  region size 1024K, 178 young (182272K), 13 survivors (13312K)
 Metaspace       used 93104K, committed 93824K, reserved 1179648K
  class space    used 12821K, committed 13184K, reserved 1048576K
}
Event: 7.536 GC heap after
{Heap after GC invocations=20 (full 0):
 garbage-first heap   total 306176K, used 71570K [0x0000000080000000, 0x0000000100000000)
  region size 1024K, 20 young (20480K), 20 survivors (20480K)
 Metaspace       used 93104K, committed 93824K, reserved 1179648K
  class space    used 12821K, committed 13184K, reserved 1048576K
}
Event: 8.413 GC heap before
{Heap before GC invocations=20 (full 0):
 garbage-first heap   total 306176K, used 218002K [0x0000000080000000, 0x0000000100000000)
  region size 1024K, 158 young (161792K), 20 survivors (20480K)
 Metaspace       used 99778K, committed 100480K, reserved 1179648K
  class space    used 13729K, committed 14080K, reserved 1048576K
}
Event: 8.430 GC heap after
{Heap after GC invocations=21 (full 0):
 garbage-first heap   total 306176K, used 98546K [0x0000000080000000, 0x0000000100000000)
  region size 1024K, 23 young (23552K), 23 survivors (23552K)
 Metaspace       used 99778K, committed 100480K, reserved 1179648K
  class space    used 13729K, committed 14080K, reserved 1048576K
}
Event: 9.159 GC heap before
{Heap before GC invocations=22 (full 0):
 garbage-first heap   total 306176K, used 247026K [0x0000000080000000, 0x0000000100000000)
  region size 1024K, 152 young (155648K), 23 survivors (23552K)
 Metaspace       used 104004K, committed 104832K, reserved 1179648K
  class space    used 14251K, committed 14656K, reserved 1048576K
}
Event: 9.171 GC heap after
{Heap after GC invocations=23 (full 0):
 garbage-first heap   total 306176K, used 109818K [0x0000000080000000, 0x0000000100000000)
  region size 1024K, 13 young (13312K), 13 survivors (13312K)
 Metaspace       used 104004K, committed 104832K, reserved 1179648K
  class space    used 14251K, committed 14656K, reserved 1048576K
}
Event: 9.172 GC heap before
{Heap before GC invocations=23 (full 0):
 garbage-first heap   total 306176K, used 110842K [0x0000000080000000, 0x0000000100000000)
  region size 1024K, 14 young (14336K), 13 survivors (13312K)
 Metaspace       used 104004K, committed 104832K, reserved 1179648K
  class space    used 14251K, committed 14656K, reserved 1048576K
}
Event: 9.177 GC heap after
{Heap after GC invocations=24 (full 0):
 garbage-first heap   total 306176K, used 110592K [0x0000000080000000, 0x0000000100000000)
  region size 1024K, 2 young (2048K), 2 survivors (2048K)
 Metaspace       used 104004K, committed 104832K, reserved 1179648K
  class space    used 14251K, committed 14656K, reserved 1048576K
}
Event: 9.605 GC heap before
{Heap before GC invocations=24 (full 0):
 garbage-first heap   total 306176K, used 235520K [0x0000000080000000, 0x0000000100000000)
  region size 1024K, 125 young (128000K), 2 survivors (2048K)
 Metaspace       used 109073K, committed 109888K, reserved 1179648K
  class space    used 15100K, committed 15488K, reserved 1048576K
}
Event: 9.614 GC heap after
{Heap after GC invocations=25 (full 0):
 garbage-first heap   total 306176K, used 130456K [0x0000000080000000, 0x0000000100000000)
  region size 1024K, 16 young (16384K), 16 survivors (16384K)
 Metaspace       used 109073K, committed 109888K, reserved 1179648K
  class space    used 15100K, committed 15488K, reserved 1048576K
}
Event: 9.869 GC heap before
{Heap before GC invocations=25 (full 0):
 garbage-first heap   total 306176K, used 233880K [0x0000000080000000, 0x0000000100000000)
  region size 1024K, 118 young (120832K), 16 survivors (16384K)
 Metaspace       used 112717K, committed 113472K, reserved 1179648K
  class space    used 15765K, committed 16128K, reserved 1048576K
}
Event: 9.884 GC heap after
{Heap after GC invocations=26 (full 0):
 garbage-first heap   total 306176K, used 146635K [0x0000000080000000, 0x0000000100000000)
  region size 1024K, 15 young (15360K), 15 survivors (15360K)
 Metaspace       used 112717K, committed 113472K, reserved 1179648K
  class space    used 15765K, committed 16128K, reserved 1048576K
}
Event: 9.987 GC heap before
{Heap before GC invocations=26 (full 0):
 garbage-first heap   total 306176K, used 235723K [0x0000000080000000, 0x0000000100000000)
  region size 1024K, 103 young (105472K), 15 survivors (15360K)
 Metaspace       used 113872K, committed 114688K, reserved 1179648K
  class space    used 15906K, committed 16320K, reserved 1048576K
}
Event: 10.001 GC heap after
{Heap after GC invocations=27 (full 0):
 garbage-first heap   total 306176K, used 163014K [0x0000000080000000, 0x0000000100000000)
  region size 1024K, 13 young (13312K), 13 survivors (13312K)
 Metaspace       used 113872K, committed 114688K, reserved 1179648K
  class space    used 15906K, committed 16320K, reserved 1048576K
}
Event: 10.215 GC heap before
{Heap before GC invocations=27 (full 0):
 garbage-first heap   total 306176K, used 239814K [0x0000000080000000, 0x0000000100000000)
  region size 1024K, 89 young (91136K), 13 survivors (13312K)
 Metaspace       used 117346K, committed 118208K, reserved 1179648K
  class space    used 16853K, committed 17280K, reserved 1048576K
}
Event: 10.227 GC heap after
{Heap after GC invocations=28 (full 0):
 garbage-first heap   total 306176K, used 176672K [0x0000000080000000, 0x0000000100000000)
  region size 1024K, 12 young (12288K), 12 survivors (12288K)
 Metaspace       used 117346K, committed 118208K, reserved 1179648K
  class space    used 16853K, committed 17280K, reserved 1048576K
}
Event: 10.281 GC heap before
{Heap before GC invocations=28 (full 0):
 garbage-first heap   total 306176K, used 244256K [0x0000000080000000, 0x0000000100000000)
  region size 1024K, 79 young (80896K), 12 survivors (12288K)
 Metaspace       used 117719K, committed 118528K, reserved 1179648K
  class space    used 16931K, committed 17344K, reserved 1048576K
}

